         w __deregister_frame_info
         w __register_frame_info
         w userAppExit
         w userAppInit
00000000 00000802 B __ctru_dev_utf16_buf
00000000 a shift
00000000 A __sync_synchronize
00000000 b _TLS_MODULE_BASE_
00000804 00000401 B __ctru_dev_path_buf
00100000 A __start__
00100000 T _start
00100008 T __service_ptr
0010000c T __apt_appid
00100010 T __heap_size
00100014 T __linear_heap_size
00100018 T __system_arglist
0010001c T __system_runflags
00100020 t startup
00100058 t ClearMem
0010006c t ClrLoop
00100094 T _init
001000ac T __aeabi_uidiv
001000ac 000001ec T __udivsi3
001000ac t .udivsi3_skip_div0_test
00100298 00000020 T __aeabi_uidivmod
001002b8 00000004 W __aeabi_idiv0
001002b8 00000004 W __aeabi_ldiv0
001002bc T __aeabi_drsub
001002c4 000002b0 T __aeabi_dsub
001002c4 000002b0 T __subdf3
001002c8 000002ac T __adddf3
001002c8 000002ac T __aeabi_dadd
00100574 00000024 T __aeabi_ui2d
00100574 00000024 T __floatunsidf
00100598 00000028 T __aeabi_i2d
00100598 00000028 T __floatsidf
001005c0 00000048 T __aeabi_f2d
001005c0 00000048 T __extendsfdf2
00100608 00000074 T __aeabi_ul2d
00100608 00000074 T __floatundidf
0010061c 00000060 T __aeabi_l2d
0010061c 00000060 T __floatdidf
0010067c T __aeabi_ldivmod
00100768 00000390 T strcmp
00100af0 t __do_global_dtors_aux
00100b30 t frame_dummy
00100b5c 00000130 T generateDeck
00100c8c 0000001c T destroyDeck
00100ca8 00000170 T main
00100e18 00000044 t C2Di_FrameEndHook
00100e60 0000036c T C2D_Init
001011cc 0000004c T C2D_Fini
00101218 000000b8 T C2D_Prepare
001012d0 00000048 T C2D_Flush
00101318 00000104 T C2D_SceneSize
0010141c 00000058 T C2D_CreateScreenTarget
00101474 00000064 T C2D_TargetClear
001014d8 0000013c T C2Di_CalcQuad
00101614 00000058 T C2Di_AppendQuad
0010166c 00000550 T C2Di_Update
00101bbc 000002b0 T C2D_DrawImage
00101e6c 0000006c T C2D_SpriteSheetLoadFromHandle
00101ed8 00000048 T C2D_SpriteSheetLoad
00101f20 00000028 T C2D_SpriteSheetFree
00101f48 0000002c T C2D_SpriteSheetGetImage
00101f74 00000028 T AttrInfo_Init
00101f9c 00000094 T AttrInfo_AddLoader
00102030 00000054 T C3D_SetAttrInfo
00102084 00000080 T C3Di_AttrInfoBind
00102104 00000004 W C3Di_LightEnvUpdate
00102108 00000004 W C3Di_LightEnvDirty
0010210c 000000b4 t C3Di_AptEventHook
001021c0 00000004 W C3Di_GasUpdate
001021c4 000001d0 T C3D_Init
00102394 00000098 T C3D_SetViewport
0010242c 000004e8 T C3Di_UpdateContext
00102914 000000e0 T C3Di_SplitFrame
001029f4 00000044 T C3D_Fini
00102a38 00000194 T C3D_BindProgram
00102bcc 00000024 T BufInfo_Init
00102bf0 00000080 T BufInfo_Add
00102c70 0000003c T C3D_SetBufInfo
00102cac 00000048 T C3Di_BufInfoBind
00102cf4 0000021c T C3D_DrawElements
00102f10 00000040 T C3D_DepthMap
00102f50 0000001c T C3D_CullFace
00102f6c 00000040 T C3D_StencilTest
00102fac 00000024 T C3D_StencilOp
00102fd0 0000001c T C3D_BlendingColor
00102fec 00000024 T C3D_EarlyDepthTest
00103010 0000002c T C3D_DepthTest
0010303c 0000002c T C3D_AlphaTest
00103068 00000050 T C3D_AlphaBlend
001030b8 00000030 T C3D_FragOpMode
001030e8 00000044 T C3D_FragOpShadow
0010312c 000001ac T C3Di_EffectBind
001032d8 0000001c T C3D_CalcColorBufSize
001032f4 0000001c T C3D_CalcDepthBufSize
00103310 00000044 T C3D_SetFrameBuf
00103354 0000016c T C3Di_FrameBufBind
001034c0 000000c8 T C3D_FrameBufClear
00103588 00000044 T C3D_FrameBufTransfer
001035cc 000000a8 T C3D_ImmSendAttrib
00103674 00000070 T C3D_ProcTexInit
001036e4 00000054 T C3D_ProcTexBind
00103738 0000005c T C3D_ProcTexLutBind
00103794 000000a4 T ProcTexLut_FromArray
00103838 00000178 T C3Di_ProcTexUpdate
001039b0 00000068 T C3Di_ProcTexDirty
00103a18 0000004c t onVBlank0
00103a64 0000004c t onVBlank1
00103ab0 00000080 t C3Di_RenderTargetDestroy
00103b30 000000f4 t onQueueFinish
00103c24 00000038 T C3Di_RenderQueueEnableVBlank
00103c5c 00000030 T C3Di_RenderQueueDisableVBlank
00103c8c 00000060 T C3Di_RenderQueueInit
00103cec 000000b4 T C3Di_RenderQueueExit
00103da0 00000034 T C3Di_RenderQueueWaitDone
00103dd4 000000e8 T C3D_FrameBegin
00103ebc 00000048 T C3D_FrameDrawOn
00103f04 00000058 T C3D_FrameSplit
00103f5c 000001d0 T C3D_FrameEnd
0010412c 0000001c T C3D_FrameEndHook
00104148 00000170 T C3D_RenderTargetCreate
001042b8 000000a8 T C3D_RenderTargetSetOutput
00104360 000000fc T C3D_SyncTextureCopy
0010445c 000003d8 t Tex3DSi_ImportCommon
00104834 00000038 T Tex3DS_TextureImportStdio
0010486c 0000001c T Tex3DS_GetSubTexture
00104888 00000004 T Tex3DS_TextureFree
0010488c 00000034 T C3D_GetTexEnv
001048c0 00000024 T C3Di_TexEnvBind
001048e4 00000290 T C3D_TexInitWithParams
00104b74 000000c8 T C3D_TexLoadImage
00104c3c 00000044 T C3D_TexBind
00104c80 00000074 T C3D_TexDelete
00104cf4 0000014c T C3Di_SetTex
00104e40 00000290 T C3D_UpdateUniforms
001050d0 000000c0 T C3Di_DirtyUniforms
00105190 000000d8 T C3Di_LoadShaderUniforms
00105268 00000028 T C3Di_ClearShaderUniforms
00105290 000000cc T Mtx_Ortho
0010535c 000000cc T Mtx_OrthoTilt
00105428 00000024 t addrMapNodeComparator(rbtree_node const*, rbtree_node const*)
0010544c 00000004 t addrMapNodeDestructor(rbtree_node*)
00105450 00000120 T linearMemAlign
00105570 00000008 T linearAlloc
00105578 0000005c T linearFree
001055d4 00000080 T MemPool::CoalesceRight(MemBlock*)
00105654 0000016c T MemPool::Allocate(MemChunk&, unsigned long, int)
001057c0 000000fc T MemPool::Deallocate(MemChunk const&)
001058bc 00000030 T MemPool::GetFreeSpace()
001058ec 00000024 t addrMapNodeComparator(rbtree_node const*, rbtree_node const*)
00105910 00000004 t addrMapNodeDestructor(rbtree_node*)
00105914 0000024c T vramMemAlignAt
00105b60 0000000c T vramAlloc
00105b6c 0000000c T vramAllocAt
00105b78 00000090 T vramFree
00105c08 000000d0 t gfxPresentFramebuffer
00105cd8 0000001c T gfxIsWide
00105cf4 000000ec T gfxSetScreenFormat
00105de0 000000e0 T gfxInit
00105ec0 00000010 T gfxInitDefault
00105ed0 000000b4 T gfxExit
00105f84 000000a0 T gfxGetFramebuffer
00106024 00000030 T gfxScreenSwapBuffers
00106054 00000074 T osConvertVirtToPhys
001060c8 00000054 T osGetTimeRef
0010611c 000000ec T osGetTime
00106208 00000034 T __ctru_speedup_config
0010623c 00000008 t romfs_close
00106244 000000c4 t romfs_seek
00106308 00000024 t romfs_dirreset
0010632c 000000c8 t fill_dir
001063f4 000002a8 t romfs_dirnext
0010669c 00000084 t romfs_free
00106720 000000d4 t searchForFile.constprop.0
001067f4 000000d8 t searchForDir.constprop.0
001068cc 000001c0 t navigateToDir.constprop.0
00106a8c 0000010c t romfs_open
00106b98 0000004c t romfs_chdir
00106be4 00000070 t romfs_diropen
00106c54 00000174 t romfs_stat
00106dc8 00000008 t romfs_dirclose
00106dd0 00000084 t romfs_fstat
00106e54 000000d0 t romfs_read
00106f24 0000028c T romfsMountFromFile
001071b0 00000098 T romfsMountFromCurrentProcess
00107248 00000260 T romfsMountSelf
001074a8 0000013c T GPUCMD_Add
001075e4 000000b0 T GPUCMD_Split
00107694 00000034 T f32tof16
001076c8 00000034 T f32tof24
001076fc 00000038 T f32tof31
00107734 00000010 T GX_BindQueue
00107744 00000078 T GX_ProcessCommandList
001077bc 00000074 T GX_MemoryFill
00107830 00000070 T GX_DisplayTransfer
001078a0 00000074 T GX_TextureCopy
00107914 00000068 t gxCmdQueueDoCommands.part.0
0010797c 000000c8 T gxCmdQueueInterrupt
00107a44 0000004c T gxCmdQueueClear
00107a90 000000f8 T gxCmdQueueAdd
00107b88 00000080 T gxCmdQueueRun
00107c08 00000060 T gxCmdQueueStop
00107c68 0000008c T gxCmdQueueWait
00107cf4 000001d0 T shaderInstanceInit
00107ec4 00000018 T shaderInstanceGetUniformLocation
00107edc 0000001c T shaderProgramInit
00107ef8 00000064 T shaderProgramFree
00107f5c 00000080 T shaderProgramSetVsh
00107fdc 000008e0 T shaderProgramConfigure
001088bc 000001cc t DVLE_GenerateOutmap.part.0
00108a88 000001b4 T DVLB_ParseFile
00108c3c 00000038 T DVLB_Free
00108c74 00000074 T DVLE_GetUniformRegister
00108ce8 000001ac t aptConvertScreenForCapture
00108e94 00000008 W aptDspSleep
00108e9c 00000004 W aptDspWakeup
00108ea0 00000004 W aptDspCancel
00108ea4 00000158 T aptSendCommand
00109000 00000044 t aptExitProcess
00109044 0000038c T aptExit
001093d0 000000e0 T aptHandleSleep
001094b0 00000030 T aptHook
001094e0 00000030 T aptUnhook
00109510 00000084 T APT_SleepIfShellClosed
00109594 00000084 T aptSetSleepAllowed
00109618 00000084 T APT_UnlockTransition
001096a0 000004a4 t aptEventHandler
00109b44 000000b0 T APT_ReceiveParameter
00109bf4 000000ac t aptReceiveParameter.constprop.0
00109ca0 000002ac t aptScreenTransfer
00109f4c 00000320 t aptWaitForWakeUp.isra.0
0010a26c 000000f8 T aptJumpToHomeMenu
0010a364 00000048 T aptMainLoop
0010a3ac 0000022c T aptInit
0010a5d8 0000007c T APT_CheckNew3DS
0010a654 000000cc T fsInit
0010a720 0000003c T fsExit
0010a75c 00000060 T fsExemptFromSession
0010a7bc 00000050 T fsUnexemptFromSession
0010a80c 000000cc T FSUSER_OpenFile
0010a8d8 000000d4 T FSUSER_OpenFileDirectly
0010a9ac 000000bc T FSUSER_DeleteFile
0010aa68 000000f8 T FSUSER_RenameFile
0010ab60 000000bc T FSUSER_DeleteDirectory
0010ac1c 000000d4 T FSUSER_CreateFile
0010acf0 000000c4 T FSUSER_CreateDirectory
0010adb4 000000f8 T FSUSER_RenameDirectory
0010aeac 000000b4 T FSUSER_OpenDirectory
0010af60 00000094 T FSUSER_OpenArchive
0010aff4 0000008c T FSUSER_CloseArchive
0010b080 00000074 T FSUSER_GetSdmcArchiveResource
0010b0f4 00000064 T FSUSER_IsSdmcWritable
0010b158 00000058 T FSFILE_Read
0010b1b0 00000060 T FSFILE_Write
0010b210 00000038 T FSFILE_GetSize
0010b248 00000028 T FSFILE_SetSize
0010b270 0000003c T FSFILE_Close
0010b2ac 00000024 T FSFILE_Flush
0010b2d0 00000050 T FSDIR_Read
0010b320 0000003c T FSDIR_Close
0010b35c 00000c64 t gspHardwareInit
0010bfc0 00000248 T gspInit
0010c208 000000f0 T gspExit
0010c2f8 00000010 T gspHasGpuRight
0010c308 000000a0 T gspPresentBuffer
0010c3a8 00000030 T gspSetEventCallback
0010c3d8 00000044 T gspWaitForEvent
0010c41c 0000004c T gspWaitForAnyEvent
0010c468 00000158 t gspEventThreadMain
0010c5c0 00000130 T gspSubmitGxCommand
0010c6f0 00000050 T GSPGPU_FlushDataCache
0010c740 00000034 T GSPGPU_SetLcdForceBlack
0010c774 00000068 T GSPGPU_AcquireRight
0010c7dc 00000048 T GSPGPU_ReleaseRight
0010c824 0000007c T GSPGPU_ImportDisplayCaptureInfo
0010c8a0 0000002c T GSPGPU_SaveVramSysArea
0010c8cc 0000002c T GSPGPU_RestoreVramSysArea
0010c8f8 00000024 W hidShouldUseIrrst
0010c91c 0000018c T hidInit
0010caa8 000000e8 T hidExit
0010cb90 000002a4 T hidScanInput
0010ce34 00000010 T hidKeysDown
0010ce44 00000160 T irrstInit
0010cfa4 000000cc T irrstExit
0010d070 000000b4 T irrstScanInput
0010d124 00000024 T irrstKeysHeld
0010d148 00000074 T ptmSysmInit
0010d1bc 0000003c T ptmSysmExit
0010d1f8 00000034 T PTMSYSM_ConfigureNew3DSCPU
0010d22c 000000c4 t buffer_read
0010d2f0 000000cc t iov_read
0010d3bc 00000148 t iov_memmove
0010d504 000001dc t decompress_rle
0010d6e0 00000244 t decompress_lzss
0010d924 00000428 t decompress_lz11
0010dd4c 000002d4 t decompress_huff
0010e020 00000010 T decompressCallback_Stdio
0010e030 000000dc T decompressHeader
0010e10c 00000240 T decompressV
0010e34c 00000074 T rbtree_find
0010e3c0 00000010 T rbtree_init
0010e3d0 000001b0 t do_insert
0010e580 00000008 T rbtree_insert
0010e588 00000318 T rbtree_remove
0010e8a0 00000090 T rbtree_rotate
0010e930 000000e8 T utf16_to_utf8
0010ea18 000000c0 T utf8_to_utf16
0010ead8 000001e0 W __system_allocateHeaps
0010ecb8 00000038 W __libctru_init
0010ecf0 00000170 W __system_initArgv
0010ee60 00000030 T __syscall_getreent
0010ee90 00000064 T __syscall_gettod_r
0010eef4 00000004 T __syscall_lock_acquire
0010eef8 00000004 T __syscall_lock_release
0010eefc 00000004 T __syscall_lock_acquire_recursive
0010ef00 00000004 T __syscall_lock_release_recursive
0010ef04 00000004 T __syscall_exit
0010ef08 00000050 T initThreadVars
0010ef58 00000080 T __system_initSyscalls
0010efd8 T svcControlMemory
0010eff8 T svcQueryMemory
0010f028 T svcExitProcess
0010f030 T svcCreateThread
0010f050 T svcExitThread
0010f058 T svcSleepThread
0010f060 T svcReleaseMutex
0010f068 T svcCreateEvent
0010f07c T svcSignalEvent
0010f084 T svcClearEvent
0010f08c T svcMapMemoryBlock
0010f094 T svcUnmapMemoryBlock
0010f09c T svcCreateAddressArbiter
0010f0b0 T svcArbitrateAddressNoTimeout
0010f0b8 T svcCloseHandle
0010f0c0 T svcWaitSynchronization
0010f0c8 T svcWaitSynchronizationN
0010f0f0 T svcDuplicateHandle
0010f104 T svcGetSystemTick
0010f10c T svcConnectToPort
0010f120 T svcSendSyncRequest
0010f128 T svcGetResourceLimit
0010f13c T svcGetResourceLimitLimitValues
0010f144 T svcGetResourceLimitCurrentValues
0010f14c T svcBreak
0010f154 T __aeabi_read_tp
0010f160 W initSystem
0010f1b0 W __ctru_exit
0010f1c4 00000084 W envGetHandle
0010f248 00000050 W envDestroyHandles
0010f298 0000012c T srvInit
0010f3c4 00000058 T srvExit
0010f41c 00000060 T srvEnableNotification
0010f47c 000000a0 T srvGetServiceHandleDirect
0010f51c 00000038 T srvGetServiceHandle
0010f554 00000034 T srvSubscribe
0010f588 00000060 T srvReceiveNotification
0010f5e8 00000038 T srvPublishToSubscriber
0010f620 0000000c T __sync_init
0010f62c 00000018 T __sync_fini
0010f644 0000002c T syncArbitrateAddress
0010f670 000000ac T LightLock_Lock
0010f71c 00000040 T LightLock_Unlock
0010f75c 00000030 T RecursiveLock_Lock
0010f78c 00000054 T RecursiveLock_Unlock
0010f7e0 00000040 T LightEvent_Init
0010f820 000000a4 T LightEvent_Clear
0010f8c4 000000c8 T LightEvent_Signal
0010f98c 00000050 T LightEvent_TryWait
0010f9dc 000000a0 T LightEvent_Wait
0010fa7c 000001d8 T threadCreate
0010fc54 0000002c T threadFree
0010fc80 00000024 T threadJoin
0010fca4 00000030 T threadGetCurrent
0010fcd4 00000040 T threadExit
0010fd14 00000020 t _thread_begin
0010fd34 000000b4 t mappableFindAddressWithin
0010fde8 00000028 T mappableInit
0010fe10 00000080 T mappableAlloc
0010fe90 00000004 T mappableFree
0010fe94 0000000c T srvPmGetSessionHandle
0010fea0 0000005c T rbtree_node_next
0010fefc 00000064 T decode_utf16
0010ff60 0000013c T decode_utf8
0011009c 00000054 T encode_utf16
001100f0 000000e0 T encode_utf8
001101d0 00000030 W __appExit
00110200 00000030 W __appInit
00110230 00000090 W __libctru_exit
001102c0 00000014 t archive_link
001102d4 00000014 t archive_dirreset
001102e8 00000014 t archive_chmod
001102fc 00000024 t error_cmp
00110320 00000050 t archive_translate_error
00110370 000000c8 t archive_seek
00110438 0000007c t _archiveInit.part.0
001104b4 000000c4 t archiveFindDevice.part.0
00110578 00000280 t archive_utf16path
001107f8 0000009c t _archiveUnmountDeviceStruct.part.0
00110894 00000014 t archive_fchmod
001108a8 00000014 t archive_statvfs
001108bc 00000164 t _archiveMountDevice
00110a20 000000e8 t archive_diropen
00110b08 000000a4 t archive_fstat
00110bac 0000006c t archive_fsync
00110c18 0000006c t archive_close
00110c84 00000070 t archive_dirclose
00110cf4 000000e8 t sdmc_statvfs
00110ddc 000000ec t archive_chdir
00110ec8 0000007c t archive_ftruncate
00110f44 000000ac t archive_read
00110ff0 000000a4 t archive_unlink
00111094 000000bc t archive_rmdir
00111150 000000dc t archive_mkdir
0011122c 00000194 t archive_stat
001113c0 00000160 t archive_dirnext
00111520 00000124 t archive_write
00111644 0000020c t archive_open
00111850 00000278 t archive_rename
00111ac8 0000019c T archiveMountSdmc
00111c64 00000054 T archiveUnmountAll
00111cb8 0000025c T sinf
00111f14 00000024 t with_errnof
00111f38 0000001c T __math_invalidf
00111f58 0000021c T cosf
00112174 00000120 T __udivmoddi4
00112294 000000d8 T strncmp
0011236c 00000130 T strchr
0011249c 0000005c T strlen
001124f8 000000d4 T memcmp
001125cc 000001e4 t _strtoul_l.isra.0
001127b0 00000034 T strtoul
001127e4 000000e4 T strncat
001128c8 00000078 T bsearch
00112940 00000344 T _fread_r
00112c84 00000038 T fread
00112cbc 00000020 T calloc
00112cdc 00000038 t lflush
00112d14 0000019c T __srefill_r
00112eb0 00000148 T _fclose_r
00112ff8 00000018 T fclose
00113010 000000c0 T _calloc_r
001130d0 00000144 T __smakebuf_r
00113214 0000008c T __swhatbuf_r
001132a0 00000020 T memalign
001132c0 0000001c t stdio_exit_handler
001132dc 0000005c t cleanup_stdio
00113338 00000154 t global_stdio_init.part.0
0011348c 00000134 T __sfp
001135c0 0000005c T __sinit
0011361c 0000000c T __sfp_lock_acquire
00113628 0000000c T __sfp_lock_release
00113634 000007e8 T _malloc_r
00113e1c 000000f8 T _malloc_trim_r
00113f14 00000300 T _free_r
00114214 00000294 T setvbuf
001144a8 0000004c T strnlen
001144f4 0000000c T __errno
00114500 00000034 T malloc
00114534 00000018 T free
0011454c 00000130 T memcpy
0011467c 00000134 T _fopen_r
001147b0 00000020 T fopen
001147d0 0000004c T time
0011481c 000000e8 T memset
00114904 00000070 T _fwalk_sglue
00114974 0000000c T __malloc_lock
00114980 0000000c T __malloc_unlock
0011498c 00000004 W __call_exitprocs
00114990 00000030 T exit
001149c0 0000001c T _fseek_r
001149dc 000000c4 T strncpy
00114aa0 000000b4 T __sflags
00114b54 00000084 T __libc_init_array
00114bd8 00000228 T __sflush_r
00114e00 00000094 T _fflush_r
00114e94 00000150 T _memalign_r
00114fe4 0000003c T __libc_fini_array
00115020 0000058c T _fseeko_r
001155ac 00000044 T __sread
001155f0 00000068 T __swrite
00115658 00000040 T __sseek
00115698 00000008 T __sclose
001156a0 00000020 T _exit
001156c0 0000013c T chdir
001157fc 000001cc T _concatenate_path
001159c8 00000088 T _fstat_r
00115a50 0000002c T __getreent
00115a7c 00000030 T _gettimeofday_r
00115aac 0000008c T __release_handle
00115b38 000000b0 T __alloc_handle
00115be8 0000003c T __get_handle
00115c24 000000f4 T _close_r
00115d18 00000008 t null_write
00115d20 00000018 T setDefaultDevice
00115d38 000000c8 T FindDevice
00115e00 00000028 T RemoveDevice
00115e28 00000098 T AddDevice
00115ec0 00000020 T GetDeviceOpTab
00115ee0 00000008 T _isatty_r
00115ee8 0000008c T _lseek_r
00115f74 000000bc T _open_r
00116030 00000088 T _read_r
001160b8 00000078 W _sbrk_r
00116130 0000001c T __libc_lock_acquire
0011614c 0000001c T __libc_lock_release
00116168 0000001c T __libc_lock_acquire_recursive
00116184 0000001c T __libc_lock_release_recursive
001161a0 00000088 T _write_r
00116228 00000048 T strrchr
00116270 T _fini
001170fc 00000008 r s_defaultTint.0
00117104 R render2d_shbin
00117290 R render2d_shbin_end
00117290 R render2d_shbin_size
00117294 00000004 r depthFmtSizes
00117298 00000005 r colorFmtSizes
001172a0 00000010 r CSWTCH.11
001172b0 00000038 r CSWTCH.19
001172e8 00000080 r romFS_devoptab
00117368 00000008 r morton_y.2
00117370 00000008 r morton_x.3
00117378 00000008 r s_sleepWakeEvents.4
00117380 00000030 r error_table
001173b0 00000080 r archive_devoptab
00117430 00000060 R __inv_pio4
00117490 000000e0 R __sincosf_table
00117570 00000101 R _ctype_
00117674 00000080 R dotab_stdnull
001176f4 R __tdata_align
001176f8 r __EH_FRAME_BEGIN__
001176f8 R __exidx_end
001176f8 R __exidx_start
00118000 00000008 d framerateCounter
00118008 00000004 d framerate
0011800c 00000004 d queueLock
00118010 00000004 d aptChainloadDeliverArgSize
00118014 00000004 d kCount
00118018 00000004 d kInterval
0011801c 00000004 d kDelay
00118020 W __stacksize__
00118024 00000004 D _impure_ptr
00118028 00000120 D _impure_data
00118148 0000000c D __sglue
00118154 00000004 D __malloc_sbrk_base
00118158 00000004 D __malloc_trim_threshold
00118160 00000408 D __malloc_av_
00118568 00000400 d _current_working_directory
00118968 00001000 d handles
00119968 0000000c d __stderr_handle
00119974 0000000c d __stdout_handle
00119980 0000000c d __stdin_handle
0011998c 0000008c D devoptab_list
00119a18 00000004 d defaultDevice
00119a24 d _GLOBAL_OFFSET_TABLE_
00119a30 d __frame_dummy_init_array_entry
00119a30 D __init_array_start
00119a30 B __preinit_array_end
00119a30 B __preinit_array_start
00119a30 D __tdata_lma
00119a30 D __tdata_lma_end
00119a34 d __do_global_dtors_aux_fini_array_entry
00119a34 D __fini_array_start
00119a34 D __init_array_end
00119a38 D __bss_start__
00119a38 00000004 B cardsheet
00119a38 D __fini_array_end
00119a3c b completed.1
00119a40 b object.0
00119a58 000005a8 B __C2Di_Context
0011a000 00000040 b s_projBot
0011a040 00000040 b s_projTop
0011a080 00000004 b uLoc_mdlvMtx
0011a084 00000004 b uLoc_projMtx
0011a088 0000000c b hookCookie
0011a098 000002d0 B __C3D_Context
0011a368 00000004 b frameEndCbData
0011a36c 00000004 b frameEndCb
0011a370 00000008 b frameCounter
0011a378 00000001 b isTopStereo
0011a379 00000001 b needSwapBot
0011a37a 00000001 b needSwapTop
0011a37b 00000001 b measureGpuTime
0011a37c 00000001 b inSafeTransfer
0011a37d 00000001 b inFrame
0011a380 00000010 b cpuTime
0011a390 00000010 b gpuTime
0011a3a0 0000000c b linkedTarget
0011a3ac 00000004 b lastTarget
0011a3b0 00000004 b firstTarget
0011a3b4 00000008 b C3Di_IVUnifEverDirty
0011a3bc 000000c0 b C3Di_FVUnifEverDirty
0011a47c 00000018 b C3Di_ShaderFVecData
0011a494 00000002 B C3D_BoolUnifsDirty
0011a498 00000008 B C3D_IVUnifDirty
0011a4a0 000000c0 B C3D_FVUnifDirty
0011a560 00000004 B C3D_BoolUnifs
0011a564 00000020 B C3D_IVUnif
0011a584 00000c00 B C3D_FVUnif
0011b188 00000008 b sLinearPool
0011b190 0000000c b sAddrMap
0011b1a0 00000008 b sVramPoolB
0011b1a8 00000008 b sVramPoolA
0011b1b0 0000000c b sAddrMap
0011b1bc 00000004 b screenAlloc
0011b1c0 00000004 b screenFree
0011b1c4 00000002 b gfxIsDoubleBuf
0011b1c8 00000002 b gfxCurBuf
0011b1ca 00000001 b gfxIsVram
0011b1cb 00000001 b gfxTopMode
0011b1cc 00000002 b gfxFramebufferFormats
0011b1d0 00000004 b gfxBottomFramebufferMaxSize
0011b1d4 00000004 b gfxTopFramebufferMaxSize
0011b1d8 00000008 b gfxBottomFramebuffers
0011b1e0 00000008 b gfxTopFramebuffers
0011b1e8 00000001 V __ctru_speedup
0011b1ec 00000004 b romfs_mount_list
0011b1f0 00000004 V __romfs_path
0011b1f4 00000004 B gpuCmdBufOffset
0011b1f8 00000004 B gpuCmdBufSize
0011b1fc 00000004 B gpuCmdBuf
0011b200 00000004 b boundQueue
0011b204 00000001 b shouldStop
0011b205 00000001 b isRunning
0011b206 00000001 b isActive
0011b208 00000004 b curQueue
0011b20c 00000001 b flagValue.0
0011b20d 00000001 b flagInit.1
0011b210 00000004 b serviceName.6
0011b214 00000001 b aptChainloadFlags
0011b215 00000001 b aptChainloadMediatype
0011b218 00000020 b aptChainloadHmac
0011b238 00000300 b aptChainloadDeliverArg
0011b538 00000008 b aptChainloadTid
0011b540 00001000 b aptParameters
0011c540 00000004 b aptFlags
0011c544 00000001 b aptHomeButtonState
0011c548 00000004 b aptMessageFuncData
0011c54c 00000004 b aptMessageFunc
0011c550 0000000c b aptFirstHook
0011c55c 00000001 b aptEventHandlerThreadQuit
0011c560 00000004 b aptEventHandlerThread
0011c564 00000008 b aptSleepEvent
0011c56c 00000008 b aptReceiveEvent
0011c574 00000008 b aptEvents
0011c57c 00000004 b aptLockHandle
0011c580 00000004 b aptRefCount
0011c588 00000080 b fsExemptArchives
0011c608 00000004 b fsuRefCount
0011c60c 00000004 b fsuHandle
0011c610 00000007 b gspEventCbOneShot
0011c618 0000001c b gspEventCbData
0011c634 0000001c b gspEventCb
0011c650 00000038 b gspEvents
0011c688 00000004 b gspLastEvent
0011c68c 00000001 b gspRunEvents
0011c690 00000004 b gspEventThread
0011c694 00000004 b gspEvent
0011c698 00000001 b gspGpuRight
0011c699 00000001 b gspThreadId
0011c69c 00000004 b gspSharedMem
0011c6a0 00000004 b gspSharedMemHandle
0011c6a4 00000004 b gspRefCount
0011c6a8 00000004 b gspGpuHandle
0011c6ac 00000001 b usingIrrst
0011c6b0 00000004 b hidRefCount
0011c6b4 00000006 b gRate
0011c6bc 00000006 b aVec
0011c6c4 00000004 b cPos
0011c6c8 00000004 b tPos
0011c6cc 00000004 b kRepeat
0011c6d0 00000004 b kUp
0011c6d4 00000004 b kDown
0011c6d8 00000004 b kHeld
0011c6dc 00000004 b kOld
0011c6e0 00000004 B hidSharedMem
0011c6e4 00000014 B hidEvents
0011c6f8 00000004 B hidMemHandle
0011c6fc 00000004 B hidHandle
0011c700 00000004 b irrstRefCount
0011c704 00000004 b csPos
0011c708 00000004 b kHeld
0011c70c 00000004 B irrstSharedMem
0011c710 00000004 B irrstEvent
0011c714 00000004 B irrstMemHandle
0011c718 00000004 B irrstHandle
0011c71c 00000004 b ptmSysmRefCount
0011c720 00000004 b ptmSysmHandle
0011c724 00000004 V __ctru_linear_heap_size
0011c728 00000004 V __ctru_heap_size
0011c72c 00000004 B __ctru_linear_heap
0011c730 00000004 B __ctru_heap
0011c734 00000004 B __system_retAddr
0011c738 00000004 B __system_argv
0011c73c 00000004 B __system_argc
0011c740 b saved_stack
0011c748 00000004 B __3dslink_host
0011c74c 00000004 b srvRefCount
0011c750 00000004 b srvHandle
0011c754 00000004 b arbiter
0011c758 00000004 b currentAddr
0011c75c 00000004 b maxAddr
0011c760 00000004 b minAddr
0011c764 00000004 b srvPmHandle
0011c768 000005c0 b archive_devices
0011cd28 00000004 b archive_device_cwd
0011cd2c 00000001 b archive_initialized
0011cd30 0000000c b __sfp_recursive_mutex
0011cd40 00000168 B __sf
0011cea8 00000004 B __stdio_exit_handler
0011ceac 00000028 B __malloc_current_mallinfo
0011ced4 00000004 B __malloc_max_total_mem
0011ced8 00000004 B __malloc_max_sbrked_mem
0011cedc 00000004 B __malloc_top_pad
0011cee0 0000000c b __malloc_recursive_mutex
0011ceec 00000400 b temp_cwd
0011d2ec 00000004 b __hndl_lock
0011d2f0 00000004 B fake_heap_start
0011d2f4 00000004 B fake_heap_end
0011d2f8 00000004 b heap_start.0
0011d2fc B __tls_start
0011df04 B __bss_end__
0011df04 A __end__
0011df04 B __tls_end
